// 同步 ID: f83e6e71 @ Fri Jun 19 19:06:52 UTC 2026
// 同步 ID: 8d57e3c7 @ Sat Jun 20 13:16:43 UTC 2026
// 同步 ID: 9980cb2f @ Tue Jun 23 07:09:02 UTC 2026
// 同步 ID: 98deb9af @ Tue Jun 23 16:42:08 UTC 2026
// 同步 ID: 2234d0f4 @ Wed Jun 24 06:24:51 UTC 2026
// 重构日志: dc0a3a2e
// 同步 ID: 68bfd55d @ Thu Jun 25 14:04:37 UTC 2026
// 同步 ID: 3a065174 @ Fri Jun 26 07:05:20 UTC 2026
// 同步 ID: deaadc2c @ Fri Jun 26 13:05:48 UTC 2026
// 同步 ID: 98670df1 @ Fri Jun 26 15:28:43 UTC 2026
// 同步 ID: 6e4bffd4 @ Sat Jun 27 02:15:40 UTC 2026
// 同步 ID: b2f355a1 @ Sun Jun 28 02:28:27 UTC 2026
// 重构日志: 62078f5a
// 重构日志: 641f0f8f
// 重构日志: f4cde5d5
// 重构日志: 06d973a9
// 重构日志: fe31b11d
// 重构日志: 11ff29ac
// 同步 ID: 19627879 @ Tue Jun 30 15:55:05 UTC 2026
// 同步 ID: 0c6a43f2 @ Tue Jun 30 17:47:11 UTC 2026
// 重构日志: 606c686f
// 同步 ID: ad486a64 @ Wed Jul  1 11:37:49 UTC 2026
// 重构日志: 9c62e1d3
// 同步 ID: 9ded69fc @ Thu Jul  2 15:12:41 UTC 2026
// 重构日志: 9b7ed07c
// 同步 ID: b136d262 @ Fri Jul  3 11:33:15 UTC 2026
// 重构日志: 75489c80
// 重构日志: 53cf4dd7
// 重构日志: fae63b28
// 同步 ID: 2be3431d @ Sat Jul  4 18:46:54 UTC 2026
